<?xml version="1.0" encoding="UTF-8"?>
<testsuite xmlns:xsi="http://www.w3.org/2001/XMLSchema-instance" xsi:noNamespaceSchemaLocation="https://maven.apache.org/surefire/maven-surefire-plugin/xsd/surefire-test-report-3.0.xsd" version="3.0" name="example.note.NoteApplicationTests" time="9.16" tests="14" errors="0" skipped="0" failures="0">
  <properties>
[...]
</properties>
  <testcase name="shouldNotAllowAccessToNotesTheyDoNotOwn" classname="example.note.NoteApplicationTests" time="0.876">
    <system-out><![CDATA[17:59:15.255 [main] INFO org.springframework.test.context.support.AnnotationConfigContextLoaderUtils -- Could not detect default configuration classes for test class [example.note.NoteApplicationTests]: NoteApplicationTests does not declare any static, non-private, non-final, nested classes annotated with @Configuration.
17:59:15.365 [main] INFO org.springframework.boot.test.context.SpringBootTestContextBootstrapper -- Found @SpringBootConfiguration example.note.NoteApplication for test class example.note.NoteApplicationTests

  .   ____          _            __ _ _
 /\\ / ___'_ __ _ _(_)_ __  __ _ \ \ \ \
( ( )\___ | '_ | '_| | '_ \/ _` | \ \ \ \
 \\/  ___)| |_)| | | | | || (_| |  ) ) ) )
  '  |____| .__|_| |_|_| |_\__, | / / / /
 =========|_|==============|___/=/_/_/_/
 :: Spring Boot ::                (v3.2.2)

2024-02-20T17:59:15.758-06:00  INFO 23172 --- [           main] example.note.NoteApplicationTests        : Starting NoteApplicationTests using Java 19.0.2 with PID 23172 (started by Stanl in C:\Users\Stanl\IdeaProjects\Note)
2024-02-20T17:59:15.759-06:00  INFO 23172 --- [           main] example.note.NoteApplicationTests        : No active profile set, falling back to 1 default profile: "default"
2024-02-20T17:59:16.383-06:00  INFO 23172 --- [           main] .s.d.r.c.RepositoryConfigurationDelegate : Multiple Spring Data modules found, entering strict repository configuration mode
2024-02-20T17:59:16.385-06:00  INFO 23172 --- [           main] .s.d.r.c.RepositoryConfigurationDelegate : Bootstrapping Spring Data JDBC repositories in DEFAULT mode.
2024-02-20T17:59:16.410-06:00  INFO 23172 --- [           main] .RepositoryConfigurationExtensionSupport : Spring Data JDBC - Could not safely identify store assignment for repository candidate interface example.note.NoteRepository; If you want this repository to be a JDBC repository, consider annotating your entities with one of these annotations: org.springframework.data.relational.core.mapping.Table.
2024-02-20T17:59:16.410-06:00  INFO 23172 --- [           main] .s.d.r.c.RepositoryConfigurationDelegate : Finished Spring Data repository scanning in 21 ms. Found 0 JDBC repository interfaces.
2024-02-20T17:59:16.419-06:00  INFO 23172 --- [           main] .s.d.r.c.RepositoryConfigurationDelegate : Multiple Spring Data modules found, entering strict repository configuration mode
2024-02-20T17:59:16.420-06:00  INFO 23172 --- [           main] .s.d.r.c.RepositoryConfigurationDelegate : Bootstrapping Spring Data JPA repositories in DEFAULT mode.
2024-02-20T17:59:16.441-06:00  INFO 23172 --- [           main] .s.d.r.c.RepositoryConfigurationDelegate : Finished Spring Data repository scanning in 18 ms. Found 1 JPA repository interface.
2024-02-20T17:59:17.024-06:00  INFO 23172 --- [           main] o.s.b.w.embedded.tomcat.TomcatWebServer  : Tomcat initialized with port 0 (http)
2024-02-20T17:59:17.036-06:00  INFO 23172 --- [           main] o.apache.catalina.core.StandardService   : Starting service [Tomcat]
2024-02-20T17:59:17.036-06:00  INFO 23172 --- [           main] o.apache.catalina.core.StandardEngine    : Starting Servlet engine: [Apache Tomcat/10.1.18]
2024-02-20T17:59:17.089-06:00  INFO 23172 --- [           main] o.a.c.c.C.[Tomcat].[localhost].[/]       : Initializing Spring embedded WebApplicationContext
2024-02-20T17:59:17.090-06:00  INFO 23172 --- [           main] w.s.c.ServletWebServerApplicationContext : Root WebApplicationContext: initialization completed in 1315 ms
2024-02-20T17:59:17.194-06:00  INFO 23172 --- [           main] com.zaxxer.hikari.HikariDataSource       : HikariPool-1 - Starting...
2024-02-20T17:59:17.572-06:00  INFO 23172 --- [           main] com.zaxxer.hikari.pool.HikariPool        : HikariPool-1 - Added connection com.mysql.cj.jdbc.ConnectionImpl@6a5dd083
2024-02-20T17:59:17.573-06:00  INFO 23172 --- [           main] com.zaxxer.hikari.HikariDataSource       : HikariPool-1 - Start completed.
2024-02-20T17:59:17.855-06:00  INFO 23172 --- [           main] o.hibernate.jpa.internal.util.LogHelper  : HHH000204: Processing PersistenceUnitInfo [name: default]
2024-02-20T17:59:17.964-06:00  INFO 23172 --- [           main] org.hibernate.Version                    : HHH000412: Hibernate ORM core version 6.4.1.Final
2024-02-20T17:59:18.036-06:00  INFO 23172 --- [           main] o.h.c.internal.RegionFactoryInitiator    : HHH000026: Second-level cache disabled
2024-02-20T17:59:18.326-06:00  INFO 23172 --- [           main] o.s.o.j.p.SpringPersistenceUnitInfo      : No LoadTimeWeaver setup: ignoring JPA class transformer
2024-02-20T17:59:18.405-06:00  WARN 23172 --- [           main] org.hibernate.orm.deprecation            : HHH90000025: MySQLDialect does not need to be specified explicitly using 'hibernate.dialect' (remove the property setting and it will be selected by default)
2024-02-20T17:59:19.139-06:00  INFO 23172 --- [           main] o.h.e.t.j.p.i.JtaPlatformInitiator       : HHH000489: No JTA platform available (set 'hibernate.transaction.jta.platform' to enable JTA platform integration)
2024-02-20T17:59:19.178-06:00  INFO 23172 --- [           main] j.LocalContainerEntityManagerFactoryBean : Initialized JPA EntityManagerFactory for persistence unit 'default'
2024-02-20T17:59:19.523-06:00  WARN 23172 --- [           main] JpaBaseConfiguration$JpaWebConfiguration : spring.jpa.open-in-view is enabled by default. Therefore, database queries may be performed during view rendering. Explicitly configure spring.jpa.open-in-view to disable this warning
2024-02-20T17:59:19.999-06:00  INFO 23172 --- [           main] o.s.s.web.DefaultSecurityFilterChain     : Will secure any request with [org.springframework.security.web.session.DisableEncodeUrlFilter@1f138b74, org.springframework.security.web.context.request.async.WebAsyncManagerIntegrationFilter@4c682826, org.springframework.security.web.context.SecurityContextHolderFilter@15096b0e, org.springframework.security.web.header.HeaderWriterFilter@bbf361a, org.springframework.web.filter.CorsFilter@a1c4f69, org.springframework.security.web.authentication.logout.LogoutFilter@60ae950f, org.springframework.security.web.authentication.www.BasicAuthenticationFilter@5352bc0e, org.springframework.security.web.savedrequest.RequestCacheAwareFilter@7da59f6e, org.springframework.security.web.servletapi.SecurityContextHolderAwareRequestFilter@7fb8d720, org.springframework.security.web.authentication.AnonymousAuthenticationFilter@7a285418, org.springframework.security.web.access.ExceptionTranslationFilter@45fa7fb7, org.springframework.security.web.access.intercept.AuthorizationFilter@1dab2cf5]
2024-02-20T17:59:20.319-06:00  INFO 23172 --- [           main] o.s.b.w.embedded.tomcat.TomcatWebServer  : Tomcat started on port 52592 (http) with context path ''
2024-02-20T17:59:20.327-06:00  INFO 23172 --- [           main] example.note.NoteApplicationTests        : Started NoteApplicationTests in 4.811 seconds (process running for 5.746)
2024-02-20T17:59:20.837-06:00  INFO 23172 --- [o-auto-1-exec-2] o.a.c.c.C.[Tomcat].[localhost].[/]       : Initializing Spring DispatcherServlet 'dispatcherServlet'
2024-02-20T17:59:20.837-06:00  INFO 23172 --- [o-auto-1-exec-2] o.s.web.servlet.DispatcherServlet        : Initializing Servlet 'dispatcherServlet'
2024-02-20T17:59:20.838-06:00  INFO 23172 --- [o-auto-1-exec-2] o.s.web.servlet.DispatcherServlet        : Completed initialization in 0 ms
]]></system-out>
  </testcase>
  <testcase name="shouldNotDeleteANoteThatDoesNotExist" classname="example.note.NoteApplicationTests" time="0.076"/>
  <testcase name="shouldReturnAllNotesWhenListIsRequested" classname="example.note.NoteApplicationTests" time="0.138"/>
  <testcase name="shouldRejectUsersWhoAreNoteCardOwners" classname="example.note.NoteApplicationTests" time="0.064"/>
  <testcase name="shouldReturnASortedPageOfNotesWithNoParametersAndUseDefaultValues" classname="example.note.NoteApplicationTests" time="0.066"/>
  <testcase name="shouldNotAllowDeletionOfNotesTheyDoNotOwn" classname="example.note.NoteApplicationTests" time="0.129"/>
  <testcase name="shouldNotReturnANoteWhenUsingBadCredentials" classname="example.note.NoteApplicationTests" time="0.136"/>
  <testcase name="shouldCreateANewNote" classname="example.note.NoteApplicationTests" time="0.229">
    <system-out><![CDATA[2024-02-20T17:59:22.041-06:00  INFO 23172 --- [           main] j.LocalContainerEntityManagerFactoryBean : Closing JPA EntityManagerFactory for persistence unit 'default'
2024-02-20T17:59:22.043-06:00  INFO 23172 --- [           main] com.zaxxer.hikari.HikariDataSource       : HikariPool-1 - Shutdown initiated...
2024-02-20T17:59:22.048-06:00  INFO 23172 --- [           main] com.zaxxer.hikari.HikariDataSource       : HikariPool-1 - Shutdown completed.
]]></system-out>
  </testcase>
  <testcase name="shouldNotReturnANoteWithAnUnknownId" classname="example.note.NoteApplicationTests" time="0.124">
    <system-out><![CDATA[
  .   ____          _            __ _ _
 /\\ / ___'_ __ _ _(_)_ __  __ _ \ \ \ \
( ( )\___ | '_ | '_| | '_ \/ _` | \ \ \ \
 \\/  ___)| |_)| | | | | || (_| |  ) ) ) )
  '  |____| .__|_| |_|_| |_\__, | / / / /
 =========|_|==============|___/=/_/_/_/
 :: Spring Boot ::                (v3.2.2)

2024-02-20T17:59:22.079-06:00  INFO 23172 --- [           main] example.note.NoteApplicationTests        : Starting NoteApplicationTests using Java 19.0.2 with PID 23172 (started by Stanl in C:\Users\Stanl\IdeaProjects\Note)
2024-02-20T17:59:22.079-06:00  INFO 23172 --- [           main] example.note.NoteApplicationTests        : No active profile set, falling back to 1 default profile: "default"
2024-02-20T17:59:22.203-06:00  INFO 23172 --- [           main] .s.d.r.c.RepositoryConfigurationDelegate : Multiple Spring Data modules found, entering strict repository configuration mode
2024-02-20T17:59:22.203-06:00  INFO 23172 --- [           main] .s.d.r.c.RepositoryConfigurationDelegate : Bootstrapping Spring Data JDBC repositories in DEFAULT mode.
2024-02-20T17:59:22.206-06:00  INFO 23172 --- [           main] .RepositoryConfigurationExtensionSupport : Spring Data JDBC - Could not safely identify store assignment for repository candidate interface example.note.NoteRepository; If you want this repository to be a JDBC repository, consider annotating your entities with one of these annotations: org.springframework.data.relational.core.mapping.Table.
2024-02-20T17:59:22.207-06:00  INFO 23172 --- [           main] .s.d.r.c.RepositoryConfigurationDelegate : Finished Spring Data repository scanning in 3 ms. Found 0 JDBC repository interfaces.
2024-02-20T17:59:22.209-06:00  INFO 23172 --- [           main] .s.d.r.c.RepositoryConfigurationDelegate : Multiple Spring Data modules found, entering strict repository configuration mode
2024-02-20T17:59:22.210-06:00  INFO 23172 --- [           main] .s.d.r.c.RepositoryConfigurationDelegate : Bootstrapping Spring Data JPA repositories in DEFAULT mode.
2024-02-20T17:59:22.214-06:00  INFO 23172 --- [           main] .s.d.r.c.RepositoryConfigurationDelegate : Finished Spring Data repository scanning in 4 ms. Found 1 JPA repository interface.
2024-02-20T17:59:22.267-06:00  INFO 23172 --- [           main] o.s.b.w.embedded.tomcat.TomcatWebServer  : Tomcat initialized with port 0 (http)
2024-02-20T17:59:22.268-06:00  INFO 23172 --- [           main] o.apache.catalina.core.StandardService   : Starting service [Tomcat]
2024-02-20T17:59:22.268-06:00  INFO 23172 --- [           main] o.apache.catalina.core.StandardEngine    : Starting Servlet engine: [Apache Tomcat/10.1.18]
2024-02-20T17:59:22.291-06:00  INFO 23172 --- [           main] o.a.c.c.C.[Tomcat].[localhost].[/]       : Initializing Spring embedded WebApplicationContext
2024-02-20T17:59:22.291-06:00  INFO 23172 --- [           main] w.s.c.ServletWebServerApplicationContext : Root WebApplicationContext: initialization completed in 210 ms
2024-02-20T17:59:22.310-06:00  INFO 23172 --- [           main] com.zaxxer.hikari.HikariDataSource       : HikariPool-2 - Starting...
2024-02-20T17:59:22.322-06:00  INFO 23172 --- [           main] com.zaxxer.hikari.pool.HikariPool        : HikariPool-2 - Added connection com.mysql.cj.jdbc.ConnectionImpl@788be73c
2024-02-20T17:59:22.323-06:00  INFO 23172 --- [           main] com.zaxxer.hikari.HikariDataSource       : HikariPool-2 - Start completed.
2024-02-20T17:59:22.475-06:00  INFO 23172 --- [           main] o.hibernate.jpa.internal.util.LogHelper  : HHH000204: Processing PersistenceUnitInfo [name: default]
2024-02-20T17:59:22.478-06:00  INFO 23172 --- [           main] o.h.c.internal.RegionFactoryInitiator    : HHH000026: Second-level cache disabled
2024-02-20T17:59:22.481-06:00  INFO 23172 --- [           main] o.s.o.j.p.SpringPersistenceUnitInfo      : No LoadTimeWeaver setup: ignoring JPA class transformer
2024-02-20T17:59:22.483-06:00  WARN 23172 --- [           main] org.hibernate.orm.deprecation            : HHH90000025: MySQLDialect does not need to be specified explicitly using 'hibernate.dialect' (remove the property setting and it will be selected by default)
2024-02-20T17:59:22.507-06:00  INFO 23172 --- [           main] o.h.e.t.j.p.i.JtaPlatformInitiator       : HHH000489: No JTA platform available (set 'hibernate.transaction.jta.platform' to enable JTA platform integration)
2024-02-20T17:59:22.513-06:00  INFO 23172 --- [           main] j.LocalContainerEntityManagerFactoryBean : Initialized JPA EntityManagerFactory for persistence unit 'default'
2024-02-20T17:59:22.542-06:00  WARN 23172 --- [           main] JpaBaseConfiguration$JpaWebConfiguration : spring.jpa.open-in-view is enabled by default. Therefore, database queries may be performed during view rendering. Explicitly configure spring.jpa.open-in-view to disable this warning
2024-02-20T17:59:22.754-06:00  INFO 23172 --- [           main] o.s.s.web.DefaultSecurityFilterChain     : Will secure any request with [org.springframework.security.web.session.DisableEncodeUrlFilter@445265b0, org.springframework.security.web.context.request.async.WebAsyncManagerIntegrationFilter@7eba962d, org.springframework.security.web.context.SecurityContextHolderFilter@f507d33, org.springframework.security.web.header.HeaderWriterFilter@2b3b25ad, org.springframework.web.filter.CorsFilter@1440a166, org.springframework.security.web.authentication.logout.LogoutFilter@7a1148f2, org.springframework.security.web.authentication.www.BasicAuthenticationFilter@34f4fd04, org.springframework.security.web.savedrequest.RequestCacheAwareFilter@1fc02a84, org.springframework.security.web.servletapi.SecurityContextHolderAwareRequestFilter@4c04188, org.springframework.security.web.authentication.AnonymousAuthenticationFilter@74f6237, org.springframework.security.web.access.ExceptionTranslationFilter@1435b17, org.springframework.security.web.access.intercept.AuthorizationFilter@62d10834]
2024-02-20T17:59:22.801-06:00  INFO 23172 --- [           main] o.s.b.w.embedded.tomcat.TomcatWebServer  : Tomcat started on port 52606 (http) with context path ''
2024-02-20T17:59:22.805-06:00  INFO 23172 --- [           main] example.note.NoteApplicationTests        : Started NoteApplicationTests in 0.747 seconds (process running for 8.224)
2024-02-20T17:59:22.811-06:00  INFO 23172 --- [o-auto-2-exec-1] o.a.c.c.C.[Tomcat].[localhost].[/]       : Initializing Spring DispatcherServlet 'dispatcherServlet'
2024-02-20T17:59:22.812-06:00  INFO 23172 --- [o-auto-2-exec-1] o.s.web.servlet.DispatcherServlet        : Initializing Servlet 'dispatcherServlet'
2024-02-20T17:59:22.812-06:00  INFO 23172 --- [o-auto-2-exec-1] o.s.web.servlet.DispatcherServlet        : Completed initialization in 0 ms
]]></system-out>
  </testcase>
  <testcase name="shouldUpdateAnExistingNote" classname="example.note.NoteApplicationTests" time="0.163">
    <system-out><![CDATA[2024-02-20T17:59:23.089-06:00  INFO 23172 --- [           main] j.LocalContainerEntityManagerFactoryBean : Closing JPA EntityManagerFactory for persistence unit 'default'
2024-02-20T17:59:23.090-06:00  INFO 23172 --- [           main] com.zaxxer.hikari.HikariDataSource       : HikariPool-2 - Shutdown initiated...
2024-02-20T17:59:23.093-06:00  INFO 23172 --- [           main] com.zaxxer.hikari.HikariDataSource       : HikariPool-2 - Shutdown completed.
]]></system-out>
  </testcase>
  <testcase name="shouldReturnAPageOfNotes" classname="example.note.NoteApplicationTests" time="0.142">
    <system-out><![CDATA[
  .   ____          _            __ _ _
 /\\ / ___'_ __ _ _(_)_ __  __ _ \ \ \ \
( ( )\___ | '_ | '_| | '_ \/ _` | \ \ \ \
 \\/  ___)| |_)| | | | | || (_| |  ) ) ) )
  '  |____| .__|_| |_|_| |_\__, | / / / /
 =========|_|==============|___/=/_/_/_/
 :: Spring Boot ::                (v3.2.2)

2024-02-20T17:59:23.115-06:00  INFO 23172 --- [           main] example.note.NoteApplicationTests        : Starting NoteApplicationTests using Java 19.0.2 with PID 23172 (started by Stanl in C:\Users\Stanl\IdeaProjects\Note)
2024-02-20T17:59:23.115-06:00  INFO 23172 --- [           main] example.note.NoteApplicationTests        : No active profile set, falling back to 1 default profile: "default"
2024-02-20T17:59:23.225-06:00  INFO 23172 --- [           main] .s.d.r.c.RepositoryConfigurationDelegate : Multiple Spring Data modules found, entering strict repository configuration mode
2024-02-20T17:59:23.225-06:00  INFO 23172 --- [           main] .s.d.r.c.RepositoryConfigurationDelegate : Bootstrapping Spring Data JDBC repositories in DEFAULT mode.
2024-02-20T17:59:23.227-06:00  INFO 23172 --- [           main] .RepositoryConfigurationExtensionSupport : Spring Data JDBC - Could not safely identify store assignment for repository candidate interface example.note.NoteRepository; If you want this repository to be a JDBC repository, consider annotating your entities with one of these annotations: org.springframework.data.relational.core.mapping.Table.
2024-02-20T17:59:23.227-06:00  INFO 23172 --- [           main] .s.d.r.c.RepositoryConfigurationDelegate : Finished Spring Data repository scanning in 2 ms. Found 0 JDBC repository interfaces.
2024-02-20T17:59:23.229-06:00  INFO 23172 --- [           main] .s.d.r.c.RepositoryConfigurationDelegate : Multiple Spring Data modules found, entering strict repository configuration mode
2024-02-20T17:59:23.229-06:00  INFO 23172 --- [           main] .s.d.r.c.RepositoryConfigurationDelegate : Bootstrapping Spring Data JPA repositories in DEFAULT mode.
2024-02-20T17:59:23.233-06:00  INFO 23172 --- [           main] .s.d.r.c.RepositoryConfigurationDelegate : Finished Spring Data repository scanning in 4 ms. Found 1 JPA repository interface.
2024-02-20T17:59:23.276-06:00  INFO 23172 --- [           main] o.s.b.w.embedded.tomcat.TomcatWebServer  : Tomcat initialized with port 0 (http)
2024-02-20T17:59:23.277-06:00  INFO 23172 --- [           main] o.apache.catalina.core.StandardService   : Starting service [Tomcat]
2024-02-20T17:59:23.277-06:00  INFO 23172 --- [           main] o.apache.catalina.core.StandardEngine    : Starting Servlet engine: [Apache Tomcat/10.1.18]
2024-02-20T17:59:23.299-06:00  INFO 23172 --- [           main] o.a.c.c.C.[Tomcat].[localhost].[/]       : Initializing Spring embedded WebApplicationContext
2024-02-20T17:59:23.299-06:00  INFO 23172 --- [           main] w.s.c.ServletWebServerApplicationContext : Root WebApplicationContext: initialization completed in 182 ms
2024-02-20T17:59:23.314-06:00  INFO 23172 --- [           main] com.zaxxer.hikari.HikariDataSource       : HikariPool-3 - Starting...
2024-02-20T17:59:23.325-06:00  INFO 23172 --- [           main] com.zaxxer.hikari.pool.HikariPool        : HikariPool-3 - Added connection com.mysql.cj.jdbc.ConnectionImpl@41f05f1
2024-02-20T17:59:23.325-06:00  INFO 23172 --- [           main] com.zaxxer.hikari.HikariDataSource       : HikariPool-3 - Start completed.
2024-02-20T17:59:23.480-06:00  INFO 23172 --- [           main] o.hibernate.jpa.internal.util.LogHelper  : HHH000204: Processing PersistenceUnitInfo [name: default]
2024-02-20T17:59:23.482-06:00  INFO 23172 --- [           main] o.h.c.internal.RegionFactoryInitiator    : HHH000026: Second-level cache disabled
2024-02-20T17:59:23.485-06:00  INFO 23172 --- [           main] o.s.o.j.p.SpringPersistenceUnitInfo      : No LoadTimeWeaver setup: ignoring JPA class transformer
2024-02-20T17:59:23.487-06:00  WARN 23172 --- [           main] org.hibernate.orm.deprecation            : HHH90000025: MySQLDialect does not need to be specified explicitly using 'hibernate.dialect' (remove the property setting and it will be selected by default)
2024-02-20T17:59:23.510-06:00  INFO 23172 --- [           main] o.h.e.t.j.p.i.JtaPlatformInitiator       : HHH000489: No JTA platform available (set 'hibernate.transaction.jta.platform' to enable JTA platform integration)
2024-02-20T17:59:23.514-06:00  INFO 23172 --- [           main] j.LocalContainerEntityManagerFactoryBean : Initialized JPA EntityManagerFactory for persistence unit 'default'
2024-02-20T17:59:23.537-06:00  WARN 23172 --- [           main] JpaBaseConfiguration$JpaWebConfiguration : spring.jpa.open-in-view is enabled by default. Therefore, database queries may be performed during view rendering. Explicitly configure spring.jpa.open-in-view to disable this warning
2024-02-20T17:59:23.742-06:00  INFO 23172 --- [           main] o.s.s.web.DefaultSecurityFilterChain     : Will secure any request with [org.springframework.security.web.session.DisableEncodeUrlFilter@68fce3e5, org.springframework.security.web.context.request.async.WebAsyncManagerIntegrationFilter@d2eddc2, org.springframework.security.web.context.SecurityContextHolderFilter@57ae3c0e, org.springframework.security.web.header.HeaderWriterFilter@5ddd3fbd, org.springframework.web.filter.CorsFilter@13967a64, org.springframework.security.web.authentication.logout.LogoutFilter@2461b519, org.springframework.security.web.authentication.www.BasicAuthenticationFilter@411c5fa2, org.springframework.security.web.savedrequest.RequestCacheAwareFilter@43e6bcfd, org.springframework.security.web.servletapi.SecurityContextHolderAwareRequestFilter@361d56a3, org.springframework.security.web.authentication.AnonymousAuthenticationFilter@30d4d6fb, org.springframework.security.web.access.ExceptionTranslationFilter@156c1c4e, org.springframework.security.web.access.intercept.AuthorizationFilter@e620893]
2024-02-20T17:59:23.784-06:00  INFO 23172 --- [           main] o.s.b.w.embedded.tomcat.TomcatWebServer  : Tomcat started on port 52620 (http) with context path ''
2024-02-20T17:59:23.787-06:00  INFO 23172 --- [           main] example.note.NoteApplicationTests        : Started NoteApplicationTests in 0.691 seconds (process running for 9.206)
2024-02-20T17:59:23.794-06:00  INFO 23172 --- [o-auto-3-exec-1] o.a.c.c.C.[Tomcat].[localhost].[/]       : Initializing Spring DispatcherServlet 'dispatcherServlet'
2024-02-20T17:59:23.794-06:00  INFO 23172 --- [o-auto-3-exec-1] o.s.web.servlet.DispatcherServlet        : Initializing Servlet 'dispatcherServlet'
2024-02-20T17:59:23.795-06:00  INFO 23172 --- [o-auto-3-exec-1] o.s.web.servlet.DispatcherServlet        : Completed initialization in 1 ms
]]></system-out>
  </testcase>
  <testcase name="shouldReturnASortedPageOfNotes" classname="example.note.NoteApplicationTests" time="0.074"/>
  <testcase name="shouldReturnANoteWhenDataIsSaved" classname="example.note.NoteApplicationTests" time="0.072"/>
  <testcase name="shouldDeleteAnExistingNote" classname="example.note.NoteApplicationTests" time="0.17">
    <system-out><![CDATA[2024-02-20T17:59:24.245-06:00  INFO 23172 --- [           main] j.LocalContainerEntityManagerFactoryBean : Closing JPA EntityManagerFactory for persistence unit 'default'
2024-02-20T17:59:24.245-06:00  INFO 23172 --- [           main] com.zaxxer.hikari.HikariDataSource       : HikariPool-3 - Shutdown initiated...
2024-02-20T17:59:24.248-06:00  INFO 23172 --- [           main] com.zaxxer.hikari.HikariDataSource       : HikariPool-3 - Shutdown completed.
]]></system-out>
  </testcase>
</testsuite>